<?xml version="1.0" encoding="UTF-8"?>
<!-- Generated by org.testng.reporters.JUnitXMLReporter -->
<testsuite ignored="9" hostname="SITPC0022" failures="0" tests="1" name="Default test" time="9.14" errors="0" timestamp="2024-09-09T14:51:57 IST">
  <testcase classname="tests.ProspectTest" name="Add_Prospect" time="5.024"/>
  <testcase classname="tests.ProspectTest" name="ApplyProjectFilter_Inquiry" time="0.0">
    <ignored/>
  </testcase> <!-- ApplyProjectFilter_Inquiry -->
  <testcase classname="tests.ProspectTest" name="ApplyFilter_Inquiry" time="0.0">
    <ignored/>
  </testcase> <!-- ApplyFilter_Inquiry -->
  <testcase classname="tests.ProspectTest" name="Addprospect_Inquiry" time="0.0">
    <ignored/>
  </testcase> <!-- Addprospect_Inquiry -->
  <testcase classname="tests.ProspectTest" name="Edit_Inquiry" time="0.0">
    <ignored/>
  </testcase> <!-- Edit_Inquiry -->
  <testcase classname="tests.ProspectTest" name="MissingFollow_Inquiry" time="0.0">
    <ignored/>
  </testcase> <!-- MissingFollow_Inquiry -->
  <testcase classname="tests.ProspectTest" name="TodayFollow_Inquiry" time="0.0">
    <ignored/>
  </testcase> <!-- TodayFollow_Inquiry -->
  <testcase classname="tests.ProspectTest" name="Delete_Inquiry" time="0.0">
    <ignored/>
  </testcase> <!-- Delete_Inquiry -->
  <testcase classname="tests.ProspectTest" name="ExporttoExcel_Inquiry" time="0.0">
    <ignored/>
  </testcase> <!-- ExporttoExcel_Inquiry -->
  <testcase classname="tests.ProspectTest" name="Search_Inquiry" time="0.0">
    <ignored/>
  </testcase> <!-- Search_Inquiry -->
</testsuite> <!-- Default test -->
