<?xml version="1.0" encoding="UTF-8"?>
<!-- Generated by org.testng.reporters.JUnitXMLReporter -->
<testsuite ignored="0" hostname="TRD-LAP-037" failures="1" tests="3" name="Test" time="25.575" errors="0" timestamp="2024-07-25T18:36:09 IST">
  <testcase classname="tests.Validatetitle" name="validatetitle1" time="0.153">
    <failure type="java.lang.AssertionError" message="expected [false] but found [true]">
      <![CDATA[java.lang.AssertionError: expected [false] but found [true]
at tests.Validatetitle.validatetitle1(Validatetitle.java:39)
at java.base/java.util.ArrayList.forEach(ArrayList.java:1596)
... Removed 33 stack frames]]>
    </failure>
  </testcase> <!-- validatetitle1 -->
  <testcase classname="tests.HomePage" name="homepage1" time="6.997"/>
  <testcase classname="tests.HomePage" name="homepage1" time="1.953"/>
</testsuite> <!-- Test -->
