<?xml version="1.0" encoding="UTF-8"?>
<testng-results ignored="0" total="1" passed="1" failed="0" skipped="0">
  <reporter-output>
  </reporter-output>
  <suite started-at="2024-09-09T14:51:47 IST" name="Default suite" finished-at="2024-09-09T14:51:57 IST" duration-ms="9140">
    <groups>
    </groups>
    <test started-at="2024-09-09T14:51:47 IST" name="Default test" finished-at="2024-09-09T14:51:57 IST" duration-ms="9140">
      <class name="tests.ProspectTest">
        <test-method is-config="true" signature="initialize11()[pri:0, instance:tests.ProspectTest@4985cbcb]" started-at="2024-09-09T14:51:47 IST" name="initialize11" finished-at="2024-09-09T14:51:52 IST" duration-ms="4022" status="PASS">
          <reporter-output>
          </reporter-output>
        </test-method> <!-- initialize11 -->
        <test-method signature="Add_Prospect(java.lang.String,java.lang.String,java.lang.String,java.lang.String,java.lang.String,java.lang.String,java.lang.String,java.lang.String,java.lang.String,java.lang.String,java.lang.String,java.lang.String)[pri:0, instance:tests.ProspectTest@4985cbcb]" started-at="2024-09-09T14:51:52 IST" name="Add_Prospect" data-provider="getAdddata" finished-at="2024-09-09T14:51:57 IST" duration-ms="5024" status="PASS">
          <params>
            <param index="0">
              <value>
                <![CDATA[SHALIGRAM PRIDE]]>
              </value>
            </param>
            <param index="1">
              <value>
                <![CDATA[Mahesh Patel]]>
              </value>
            </param>
            <param index="2">
              <value>
                <![CDATA[]]>
              </value>
            </param>
            <param index="3">
              <value>
                <![CDATA[]]>
              </value>
            </param>
            <param index="4">
              <value>
                <![CDATA[Vimal Patel]]>
              </value>
            </param>
            <param index="5">
              <value>
                <![CDATA[Chandni Chauhan]]>
              </value>
            </param>
            <param index="6">
              <value>
                <![CDATA[9746547979]]>
              </value>
            </param>
            <param index="7">
              <value>
                <![CDATA[Akash@mail.com]]>
              </value>
            </param>
            <param index="8">
              <value>
                <![CDATA[Bopal Gam ,Ahmedabad]]>
              </value>
            </param>
            <param index="9">
              <value>
                <![CDATA[Remarks]]>
              </value>
            </param>
            <param index="10">
              <value>
                <![CDATA[4BHK]]>
              </value>
            </param>
            <param index="11">
              <value>
                <![CDATA[In Progress]]>
              </value>
            </param>
          </params>
          <reporter-output>
          </reporter-output>
        </test-method> <!-- Add_Prospect -->
        <test-method is-config="true" signature="teaddown()[pri:0, instance:tests.ProspectTest@4985cbcb]" started-at="2024-09-09T14:51:57 IST" name="teaddown" finished-at="2024-09-09T14:51:57 IST" duration-ms="4" status="PASS">
          <reporter-output>
          </reporter-output>
        </test-method> <!-- teaddown -->
      </class> <!-- tests.ProspectTest -->
    </test> <!-- Default test -->
  </suite> <!-- Default suite -->
</testng-results>
